<?xml version="1.0" encoding="UTF-8"?>
<testsuite xmlns:xsi="http://www.w3.org/2001/XMLSchema-instance" xsi:noNamespaceSchemaLocation="https://maven.apache.org/surefire/maven-surefire-plugin/xsd/surefire-test-report-3.0.xsd" version="3.0" name="by.it_academy.jd2.utils.ApacheCommonsLang3Test" time="0.269" tests="4" errors="0" skipped="0" failures="0">
  <properties>
[...]
</properties>
  <testcase name="isAllLowerCaseTest(String, boolean)[1]" classname="by.it_academy.jd2.utils.ApacheCommonsLang3Test" time="0.143"/>
  <testcase name="isAllLowerCaseTest(String, boolean)[2]" classname="by.it_academy.jd2.utils.ApacheCommonsLang3Test" time="0.003"/>
  <testcase name="isAllLowerCaseTest(String, boolean)[3]" classname="by.it_academy.jd2.utils.ApacheCommonsLang3Test" time="0.003"/>
  <testcase name="isAllLowerCaseTest(String, boolean)[4]" classname="by.it_academy.jd2.utils.ApacheCommonsLang3Test" time="0.001"/>
</testsuite>